#
# There is insufficient memory for the Java Runtime Environment to continue.
# Native memory allocation (malloc) failed to allocate 32744 bytes for ChunkPool::allocate
# Possible reasons:
#   The system is out of physical RAM or swap space
#   The process is running with CompressedOops enabled, and the Java Heap may be blocking the growth of the native heap
# Possible solutions:
#   Reduce memory load on the system
#   Increase physical memory or swap space
#   Check if swap backing store is full
#   Decrease Java heap size (-Xmx/-Xms)
#   Decrease number of Java threads
#   Decrease Java thread stack sizes (-Xss)
#   Set larger code cache with -XX:ReservedCodeCacheSize=
#   JVM is running with Unscaled Compressed Oops mode in which the Java heap is
#     placed in the first 4GB address space. The Java Heap base address is the
#     maximum limit for the native heap growth. Please use -XX:HeapBaseMinAddress
#     to set the Java Heap base and to place the Java Heap above 4GB virtual address.
# This output file may be truncated or incomplete.
#
#  Out of Memory Error (./open/src/hotspot/share/memory/arena.cpp:79), pid=21884, tid=23136
#
# JRE version: OpenJDK Runtime Environment (14.0.2+12) (build 14.0.2+12-46)
# Java VM: OpenJDK 64-Bit Server VM (14.0.2+12-46, mixed mode, tiered, compressed oops, g1 gc, windows-amd64)
# No core dump will be written. Minidumps are not enabled by default on client versions of Windows
#

---------------  S U M M A R Y ------------

Command Line: --module-path=C:\Users\nick1\Desktop\openjfx-15.0.1_windows-x64_bin-sdk\javafx-sdk-15.0.1\lib --add-modules=javafx.controls,javafx.fxml -Dfile.encoding=Cp1252 -XX:+ShowCodeDetailsInExceptionMessages -Djava.net.preferIPv4Stack=true testUI

Host: Intel(R) Core(TM) i7-8550U CPU @ 1.80GHz, 8 cores, 7G,  Windows 10 , 64 bit Build 19041 (10.0.19041.546)
Time: Thu Nov 19 21:38:09 2020 GMT Standard Time elapsed time: 0 seconds (0d 0h 0m 0s)

---------------  T H R E A D  ---------------

Current thread (0x000001e9ee9f9000):  JavaThread "C2 CompilerThread0" daemon [_thread_in_native, id=23136, stack(0x000000c585700000,0x000000c585800000)]


Current CompileTask:
C2:    267  251       4       java.util.zip.ZipFile$Source::hashN (26 bytes)

Stack: [0x000000c585700000,0x000000c585800000]
Native frames: (J=compiled Java code, j=interpreted, Vv=VM code, C=native code)
V  [jvm.dll+0x5f8a9a]
V  [jvm.dll+0x74247a]
V  [jvm.dll+0x743c2f]
V  [jvm.dll+0x744273]
V  [jvm.dll+0x20d288]
V  [jvm.dll+0xabea6]
V  [jvm.dll+0xabc7d]
V  [jvm.dll+0x5d997b]
V  [jvm.dll+0x621b2f]
V  [jvm.dll+0x18cecc]
V  [jvm.dll+0x1e5efa]
V  [jvm.dll+0x1e50b8]
V  [jvm.dll+0x1779cc]
V  [jvm.dll+0x1f4105]
V  [jvm.dll+0x1f22eb]
V  [jvm.dll+0x7070cd]
V  [jvm.dll+0x6ffeda]
V  [jvm.dll+0x5f78f6]
C  [ucrtbase.dll+0x214c2]
C  [KERNEL32.DLL+0x17034]
C  [ntdll.dll+0x4cec1]


---------------  P R O C E S S  ---------------

Threads class SMR info:
_java_thread_list=0x000001e9eec08200, length=12, elements={
0x000001e9d1c10000, 0x000001e9ee1a5800, 0x000001e9ee1a7000, 0x000001e9ee9ec800,
0x000001e9ee9f0000, 0x000001e9ee9f2800, 0x000001e9ee9f9000, 0x000001e9ee9fc000,
0x000001e9eea14800, 0x000001e9eea19800, 0x000001e9eec02800, 0x000001e9eeeca800
}

Java Threads: ( => current thread )
  0x000001e9d1c10000 JavaThread "main" [_thread_in_Java, id=5860, stack(0x000000c584b00000,0x000000c584c00000)]
  0x000001e9ee1a5800 JavaThread "Reference Handler" daemon [_thread_blocked, id=22116, stack(0x000000c585200000,0x000000c585300000)]
  0x000001e9ee1a7000 JavaThread "Finalizer" daemon [_thread_blocked, id=21524, stack(0x000000c585300000,0x000000c585400000)]
  0x000001e9ee9ec800 JavaThread "Signal Dispatcher" daemon [_thread_blocked, id=21368, stack(0x000000c585400000,0x000000c585500000)]
  0x000001e9ee9f0000 JavaThread "Attach Listener" daemon [_thread_blocked, id=22132, stack(0x000000c585500000,0x000000c585600000)]
  0x000001e9ee9f2800 JavaThread "Service Thread" daemon [_thread_blocked, id=10820, stack(0x000000c585600000,0x000000c585700000)]
=>0x000001e9ee9f9000 JavaThread "C2 CompilerThread0" daemon [_thread_in_native, id=23136, stack(0x000000c585700000,0x000000c585800000)]
  0x000001e9ee9fc000 JavaThread "C1 CompilerThread0" daemon [_thread_in_native, id=21660, stack(0x000000c585800000,0x000000c585900000)]
  0x000001e9eea14800 JavaThread "Sweeper thread" daemon [_thread_blocked, id=20840, stack(0x000000c585900000,0x000000c585a00000)]
  0x000001e9eea19800 JavaThread "Common-Cleaner" daemon [_thread_blocked, id=22076, stack(0x000000c585a00000,0x000000c585b00000)]
  0x000001e9eec02800 JavaThread "C2 CompilerThread1" daemon [_thread_in_native, id=12384, stack(0x000000c585b00000,0x000000c585c00000)]
  0x000001e9eeeca800 JavaThread "C2 CompilerThread2" daemon [_thread_in_native, id=7892, stack(0x000000c585c00000,0x000000c585d00000)]

Other Threads:
  0x000001e9ee9bb800 VMThread "VM Thread" [stack: 0x000000c585100000,0x000000c585200000] [id=18240]
  0x000001e9d1c51000 GCTaskThread "GC Thread#0" [stack: 0x000000c584c00000,0x000000c584d00000] [id=21900]
  0x000001e9d1c63800 ConcurrentGCThread "G1 Main Marker" [stack: 0x000000c584d00000,0x000000c584e00000] [id=4420]
  0x000001e9d1c66000 ConcurrentGCThread "G1 Conc#0" [stack: 0x000000c584e00000,0x000000c584f00000] [id=3012]
  0x000001e9d1cee000 ConcurrentGCThread "G1 Refine#0" [stack: 0x000000c584f00000,0x000000c585000000] [id=17800]
  0x000001e9edfc7800 ConcurrentGCThread "G1 Young RemSet Sampling" [stack: 0x000000c585000000,0x000000c585100000] [id=22924]

Threads with active compile tasks:
C2 CompilerThread0      298  251       4       java.util.zip.ZipFile$Source::hashN (26 bytes)
C1 CompilerThread0      298  305       3       java.io.DataInputStream::readUTF (501 bytes)
C2 CompilerThread1      298  292       4       jdk.internal.module.Checks::isJavaIdentifier (76 bytes)
C2 CompilerThread2      298  302       4       java.util.ImmutableCollections$SetN::probe (56 bytes)

VM state:not at safepoint (normal execution)

VM Mutex/Monitor currently owned by a thread: None

Heap address: 0x0000000081400000, size: 2028 MB, Compressed Oops mode: 32-bit
Narrow klass base: 0x0000000000000000, Narrow klass shift: 3
Compressed class space size: 1073741824 Address: 0x0000000100000000

Heap:
 garbage-first heap   total 131072K, used 3072K [0x0000000081400000, 0x0000000100000000)
  region size 1024K, 5 young (5120K), 0 survivors (0K)
 Metaspace       used 6230K, capacity 6311K, committed 6528K, reserved 1056768K
  class space    used 555K, capacity 597K, committed 640K, reserved 1048576K
Heap Regions: E=young(eden), S=young(survivor), O=old, HS=humongous(starts), HC=humongous(continues), CS=collection set, F=free, OA=open archive, CA=closed archive, TAMS=top-at-mark-start (previous, next)
|   0|0x0000000081400000, 0x0000000081400000, 0x0000000081500000|  0%| F|  |TAMS 0x0000000081400000, 0x0000000081400000| Untracked 
|   1|0x0000000081500000, 0x0000000081500000, 0x0000000081600000|  0%| F|  |TAMS 0x0000000081500000, 0x0000000081500000| Untracked 
|   2|0x0000000081600000, 0x0000000081600000, 0x0000000081700000|  0%| F|  |TAMS 0x0000000081600000, 0x0000000081600000| Untracked 
|   3|0x0000000081700000, 0x0000000081700000, 0x0000000081800000|  0%| F|  |TAMS 0x0000000081700000, 0x0000000081700000| Untracked 
|   4|0x0000000081800000, 0x0000000081800000, 0x0000000081900000|  0%| F|  |TAMS 0x0000000081800000, 0x0000000081800000| Untracked 
|   5|0x0000000081900000, 0x0000000081900000, 0x0000000081a00000|  0%| F|  |TAMS 0x0000000081900000, 0x0000000081900000| Untracked 
|   6|0x0000000081a00000, 0x0000000081a00000, 0x0000000081b00000|  0%| F|  |TAMS 0x0000000081a00000, 0x0000000081a00000| Untracked 
|   7|0x0000000081b00000, 0x0000000081b00000, 0x0000000081c00000|  0%| F|  |TAMS 0x0000000081b00000, 0x0000000081b00000| Untracked 
|   8|0x0000000081c00000, 0x0000000081c00000, 0x0000000081d00000|  0%| F|  |TAMS 0x0000000081c00000, 0x0000000081c00000| Untracked 
|   9|0x0000000081d00000, 0x0000000081d00000, 0x0000000081e00000|  0%| F|  |TAMS 0x0000000081d00000, 0x0000000081d00000| Untracked 
|  10|0x0000000081e00000, 0x0000000081e00000, 0x0000000081f00000|  0%| F|  |TAMS 0x0000000081e00000, 0x0000000081e00000| Untracked 
|  11|0x0000000081f00000, 0x0000000081f00000, 0x0000000082000000|  0%| F|  |TAMS 0x0000000081f00000, 0x0000000081f00000| Untracked 
|  12|0x0000000082000000, 0x0000000082000000, 0x0000000082100000|  0%| F|  |TAMS 0x0000000082000000, 0x0000000082000000| Untracked 
|  13|0x0000000082100000, 0x0000000082100000, 0x0000000082200000|  0%| F|  |TAMS 0x0000000082100000, 0x0000000082100000| Untracked 
|  14|0x0000000082200000, 0x0000000082200000, 0x0000000082300000|  0%| F|  |TAMS 0x0000000082200000, 0x0000000082200000| Untracked 
|  15|0x0000000082300000, 0x0000000082300000, 0x0000000082400000|  0%| F|  |TAMS 0x0000000082300000, 0x0000000082300000| Untracked 
|  16|0x0000000082400000, 0x0000000082400000, 0x0000000082500000|  0%| F|  |TAMS 0x0000000082400000, 0x0000000082400000| Untracked 
|  17|0x0000000082500000, 0x0000000082500000, 0x0000000082600000|  0%| F|  |TAMS 0x0000000082500000, 0x0000000082500000| Untracked 
|  18|0x0000000082600000, 0x0000000082600000, 0x0000000082700000|  0%| F|  |TAMS 0x0000000082600000, 0x0000000082600000| Untracked 
|  19|0x0000000082700000, 0x0000000082700000, 0x0000000082800000|  0%| F|  |TAMS 0x0000000082700000, 0x0000000082700000| Untracked 
|  20|0x0000000082800000, 0x0000000082800000, 0x0000000082900000|  0%| F|  |TAMS 0x0000000082800000, 0x0000000082800000| Untracked 
|  21|0x0000000082900000, 0x0000000082900000, 0x0000000082a00000|  0%| F|  |TAMS 0x0000000082900000, 0x0000000082900000| Untracked 
|  22|0x0000000082a00000, 0x0000000082a00000, 0x0000000082b00000|  0%| F|  |TAMS 0x0000000082a00000, 0x0000000082a00000| Untracked 
|  23|0x0000000082b00000, 0x0000000082b00000, 0x0000000082c00000|  0%| F|  |TAMS 0x0000000082b00000, 0x0000000082b00000| Untracked 
|  24|0x0000000082c00000, 0x0000000082c00000, 0x0000000082d00000|  0%| F|  |TAMS 0x0000000082c00000, 0x0000000082c00000| Untracked 
|  25|0x0000000082d00000, 0x0000000082d00000, 0x0000000082e00000|  0%| F|  |TAMS 0x0000000082d00000, 0x0000000082d00000| Untracked 
|  26|0x0000000082e00000, 0x0000000082e00000, 0x0000000082f00000|  0%| F|  |TAMS 0x0000000082e00000, 0x0000000082e00000| Untracked 
|  27|0x0000000082f00000, 0x0000000082f00000, 0x0000000083000000|  0%| F|  |TAMS 0x0000000082f00000, 0x0000000082f00000| Untracked 
|  28|0x0000000083000000, 0x0000000083000000, 0x0000000083100000|  0%| F|  |TAMS 0x0000000083000000, 0x0000000083000000| Untracked 
|  29|0x0000000083100000, 0x0000000083100000, 0x0000000083200000|  0%| F|  |TAMS 0x0000000083100000, 0x0000000083100000| Untracked 
|  30|0x0000000083200000, 0x0000000083200000, 0x0000000083300000|  0%| F|  |TAMS 0x0000000083200000, 0x0000000083200000| Untracked 
|  31|0x0000000083300000, 0x0000000083300000, 0x0000000083400000|  0%| F|  |TAMS 0x0000000083300000, 0x0000000083300000| Untracked 
|  32|0x0000000083400000, 0x0000000083400000, 0x0000000083500000|  0%| F|  |TAMS 0x0000000083400000, 0x0000000083400000| Untracked 
|  33|0x0000000083500000, 0x0000000083500000, 0x0000000083600000|  0%| F|  |TAMS 0x0000000083500000, 0x0000000083500000| Untracked 
|  34|0x0000000083600000, 0x0000000083600000, 0x0000000083700000|  0%| F|  |TAMS 0x0000000083600000, 0x0000000083600000| Untracked 
|  35|0x0000000083700000, 0x0000000083700000, 0x0000000083800000|  0%| F|  |TAMS 0x0000000083700000, 0x0000000083700000| Untracked 
|  36|0x0000000083800000, 0x0000000083800000, 0x0000000083900000|  0%| F|  |TAMS 0x0000000083800000, 0x0000000083800000| Untracked 
|  37|0x0000000083900000, 0x0000000083900000, 0x0000000083a00000|  0%| F|  |TAMS 0x0000000083900000, 0x0000000083900000| Untracked 
|  38|0x0000000083a00000, 0x0000000083a00000, 0x0000000083b00000|  0%| F|  |TAMS 0x0000000083a00000, 0x0000000083a00000| Untracked 
|  39|0x0000000083b00000, 0x0000000083b00000, 0x0000000083c00000|  0%| F|  |TAMS 0x0000000083b00000, 0x0000000083b00000| Untracked 
|  40|0x0000000083c00000, 0x0000000083c00000, 0x0000000083d00000|  0%| F|  |TAMS 0x0000000083c00000, 0x0000000083c00000| Untracked 
|  41|0x0000000083d00000, 0x0000000083d00000, 0x0000000083e00000|  0%| F|  |TAMS 0x0000000083d00000, 0x0000000083d00000| Untracked 
|  42|0x0000000083e00000, 0x0000000083e00000, 0x0000000083f00000|  0%| F|  |TAMS 0x0000000083e00000, 0x0000000083e00000| Untracked 
|  43|0x0000000083f00000, 0x0000000083f00000, 0x0000000084000000|  0%| F|  |TAMS 0x0000000083f00000, 0x0000000083f00000| Untracked 
|  44|0x0000000084000000, 0x0000000084000000, 0x0000000084100000|  0%| F|  |TAMS 0x0000000084000000, 0x0000000084000000| Untracked 
|  45|0x0000000084100000, 0x0000000084100000, 0x0000000084200000|  0%| F|  |TAMS 0x0000000084100000, 0x0000000084100000| Untracked 
|  46|0x0000000084200000, 0x0000000084200000, 0x0000000084300000|  0%| F|  |TAMS 0x0000000084200000, 0x0000000084200000| Untracked 
|  47|0x0000000084300000, 0x0000000084300000, 0x0000000084400000|  0%| F|  |TAMS 0x0000000084300000, 0x0000000084300000| Untracked 
|  48|0x0000000084400000, 0x0000000084400000, 0x0000000084500000|  0%| F|  |TAMS 0x0000000084400000, 0x0000000084400000| Untracked 
|  49|0x0000000084500000, 0x0000000084500000, 0x0000000084600000|  0%| F|  |TAMS 0x0000000084500000, 0x0000000084500000| Untracked 
|  50|0x0000000084600000, 0x0000000084600000, 0x0000000084700000|  0%| F|  |TAMS 0x0000000084600000, 0x0000000084600000| Untracked 
|  51|0x0000000084700000, 0x0000000084700000, 0x0000000084800000|  0%| F|  |TAMS 0x0000000084700000, 0x0000000084700000| Untracked 
|  52|0x0000000084800000, 0x0000000084800000, 0x0000000084900000|  0%| F|  |TAMS 0x0000000084800000, 0x0000000084800000| Untracked 
|  53|0x0000000084900000, 0x0000000084900000, 0x0000000084a00000|  0%| F|  |TAMS 0x0000000084900000, 0x0000000084900000| Untracked 
|  54|0x0000000084a00000, 0x0000000084a00000, 0x0000000084b00000|  0%| F|  |TAMS 0x0000000084a00000, 0x0000000084a00000| Untracked 
|  55|0x0000000084b00000, 0x0000000084b00000, 0x0000000084c00000|  0%| F|  |TAMS 0x0000000084b00000, 0x0000000084b00000| Untracked 
|  56|0x0000000084c00000, 0x0000000084c00000, 0x0000000084d00000|  0%| F|  |TAMS 0x0000000084c00000, 0x0000000084c00000| Untracked 
|  57|0x0000000084d00000, 0x0000000084d00000, 0x0000000084e00000|  0%| F|  |TAMS 0x0000000084d00000, 0x0000000084d00000| Untracked 
|  58|0x0000000084e00000, 0x0000000084e00000, 0x0000000084f00000|  0%| F|  |TAMS 0x0000000084e00000, 0x0000000084e00000| Untracked 
|  59|0x0000000084f00000, 0x0000000084f00000, 0x0000000085000000|  0%| F|  |TAMS 0x0000000084f00000, 0x0000000084f00000| Untracked 
|  60|0x0000000085000000, 0x0000000085000000, 0x0000000085100000|  0%| F|  |TAMS 0x0000000085000000, 0x0000000085000000| Untracked 
|  61|0x0000000085100000, 0x0000000085100000, 0x0000000085200000|  0%| F|  |TAMS 0x0000000085100000, 0x0000000085100000| Untracked 
|  62|0x0000000085200000, 0x0000000085200000, 0x0000000085300000|  0%| F|  |TAMS 0x0000000085200000, 0x0000000085200000| Untracked 
|  63|0x0000000085300000, 0x0000000085300000, 0x0000000085400000|  0%| F|  |TAMS 0x0000000085300000, 0x0000000085300000| Untracked 
|  64|0x0000000085400000, 0x0000000085400000, 0x0000000085500000|  0%| F|  |TAMS 0x0000000085400000, 0x0000000085400000| Untracked 
|  65|0x0000000085500000, 0x0000000085500000, 0x0000000085600000|  0%| F|  |TAMS 0x0000000085500000, 0x0000000085500000| Untracked 
|  66|0x0000000085600000, 0x0000000085600000, 0x0000000085700000|  0%| F|  |TAMS 0x0000000085600000, 0x0000000085600000| Untracked 
|  67|0x0000000085700000, 0x0000000085700000, 0x0000000085800000|  0%| F|  |TAMS 0x0000000085700000, 0x0000000085700000| Untracked 
|  68|0x0000000085800000, 0x0000000085800000, 0x0000000085900000|  0%| F|  |TAMS 0x0000000085800000, 0x0000000085800000| Untracked 
|  69|0x0000000085900000, 0x0000000085900000, 0x0000000085a00000|  0%| F|  |TAMS 0x0000000085900000, 0x0000000085900000| Untracked 
|  70|0x0000000085a00000, 0x0000000085a00000, 0x0000000085b00000|  0%| F|  |TAMS 0x0000000085a00000, 0x0000000085a00000| Untracked 
|  71|0x0000000085b00000, 0x0000000085b00000, 0x0000000085c00000|  0%| F|  |TAMS 0x0000000085b00000, 0x0000000085b00000| Untracked 
|  72|0x0000000085c00000, 0x0000000085c00000, 0x0000000085d00000|  0%| F|  |TAMS 0x0000000085c00000, 0x0000000085c00000| Untracked 
|  73|0x0000000085d00000, 0x0000000085d00000, 0x0000000085e00000|  0%| F|  |TAMS 0x0000000085d00000, 0x0000000085d00000| Untracked 
|  74|0x0000000085e00000, 0x0000000085e00000, 0x0000000085f00000|  0%| F|  |TAMS 0x0000000085e00000, 0x0000000085e00000| Untracked 
|  75|0x0000000085f00000, 0x0000000085f00000, 0x0000000086000000|  0%| F|  |TAMS 0x0000000085f00000, 0x0000000085f00000| Untracked 
|  76|0x0000000086000000, 0x0000000086000000, 0x0000000086100000|  0%| F|  |TAMS 0x0000000086000000, 0x0000000086000000| Untracked 
|  77|0x0000000086100000, 0x0000000086100000, 0x0000000086200000|  0%| F|  |TAMS 0x0000000086100000, 0x0000000086100000| Untracked 
|  78|0x0000000086200000, 0x0000000086200000, 0x0000000086300000|  0%| F|  |TAMS 0x0000000086200000, 0x0000000086200000| Untracked 
|  79|0x0000000086300000, 0x0000000086300000, 0x0000000086400000|  0%| F|  |TAMS 0x0000000086300000, 0x0000000086300000| Untracked 
|  80|0x0000000086400000, 0x0000000086400000, 0x0000000086500000|  0%| F|  |TAMS 0x0000000086400000, 0x0000000086400000| Untracked 
|  81|0x0000000086500000, 0x0000000086500000, 0x0000000086600000|  0%| F|  |TAMS 0x0000000086500000, 0x0000000086500000| Untracked 
|  82|0x0000000086600000, 0x0000000086600000, 0x0000000086700000|  0%| F|  |TAMS 0x0000000086600000, 0x0000000086600000| Untracked 
|  83|0x0000000086700000, 0x0000000086700000, 0x0000000086800000|  0%| F|  |TAMS 0x0000000086700000, 0x0000000086700000| Untracked 
|  84|0x0000000086800000, 0x0000000086800000, 0x0000000086900000|  0%| F|  |TAMS 0x0000000086800000, 0x0000000086800000| Untracked 
|  85|0x0000000086900000, 0x0000000086900000, 0x0000000086a00000|  0%| F|  |TAMS 0x0000000086900000, 0x0000000086900000| Untracked 
|  86|0x0000000086a00000, 0x0000000086a00000, 0x0000000086b00000|  0%| F|  |TAMS 0x0000000086a00000, 0x0000000086a00000| Untracked 
|  87|0x0000000086b00000, 0x0000000086b00000, 0x0000000086c00000|  0%| F|  |TAMS 0x0000000086b00000, 0x0000000086b00000| Untracked 
|  88|0x0000000086c00000, 0x0000000086c00000, 0x0000000086d00000|  0%| F|  |TAMS 0x0000000086c00000, 0x0000000086c00000| Untracked 
|  89|0x0000000086d00000, 0x0000000086d00000, 0x0000000086e00000|  0%| F|  |TAMS 0x0000000086d00000, 0x0000000086d00000| Untracked 
|  90|0x0000000086e00000, 0x0000000086e00000, 0x0000000086f00000|  0%| F|  |TAMS 0x0000000086e00000, 0x0000000086e00000| Untracked 
|  91|0x0000000086f00000, 0x0000000086f00000, 0x0000000087000000|  0%| F|  |TAMS 0x0000000086f00000, 0x0000000086f00000| Untracked 
|  92|0x0000000087000000, 0x0000000087000000, 0x0000000087100000|  0%| F|  |TAMS 0x0000000087000000, 0x0000000087000000| Untracked 
|  93|0x0000000087100000, 0x0000000087100000, 0x0000000087200000|  0%| F|  |TAMS 0x0000000087100000, 0x0000000087100000| Untracked 
|  94|0x0000000087200000, 0x0000000087200000, 0x0000000087300000|  0%| F|  |TAMS 0x0000000087200000, 0x0000000087200000| Untracked 
|  95|0x0000000087300000, 0x0000000087300000, 0x0000000087400000|  0%| F|  |TAMS 0x0000000087300000, 0x0000000087300000| Untracked 
|  96|0x0000000087400000, 0x0000000087400000, 0x0000000087500000|  0%| F|  |TAMS 0x0000000087400000, 0x0000000087400000| Untracked 
|  97|0x0000000087500000, 0x0000000087500000, 0x0000000087600000|  0%| F|  |TAMS 0x0000000087500000, 0x0000000087500000| Untracked 
|  98|0x0000000087600000, 0x0000000087600000, 0x0000000087700000|  0%| F|  |TAMS 0x0000000087600000, 0x0000000087600000| Untracked 
|  99|0x0000000087700000, 0x0000000087700000, 0x0000000087800000|  0%| F|  |TAMS 0x0000000087700000, 0x0000000087700000| Untracked 
| 100|0x0000000087800000, 0x0000000087800000, 0x0000000087900000|  0%| F|  |TAMS 0x0000000087800000, 0x0000000087800000| Untracked 
| 101|0x0000000087900000, 0x0000000087900000, 0x0000000087a00000|  0%| F|  |TAMS 0x0000000087900000, 0x0000000087900000| Untracked 
| 102|0x0000000087a00000, 0x0000000087a00000, 0x0000000087b00000|  0%| F|  |TAMS 0x0000000087a00000, 0x0000000087a00000| Untracked 
| 103|0x0000000087b00000, 0x0000000087b00000, 0x0000000087c00000|  0%| F|  |TAMS 0x0000000087b00000, 0x0000000087b00000| Untracked 
| 104|0x0000000087c00000, 0x0000000087c00000, 0x0000000087d00000|  0%| F|  |TAMS 0x0000000087c00000, 0x0000000087c00000| Untracked 
| 105|0x0000000087d00000, 0x0000000087d00000, 0x0000000087e00000|  0%| F|  |TAMS 0x0000000087d00000, 0x0000000087d00000| Untracked 
| 106|0x0000000087e00000, 0x0000000087e00000, 0x0000000087f00000|  0%| F|  |TAMS 0x0000000087e00000, 0x0000000087e00000| Untracked 
| 107|0x0000000087f00000, 0x0000000087f00000, 0x0000000088000000|  0%| F|  |TAMS 0x0000000087f00000, 0x0000000087f00000| Untracked 
| 108|0x0000000088000000, 0x0000000088000000, 0x0000000088100000|  0%| F|  |TAMS 0x0000000088000000, 0x0000000088000000| Untracked 
| 109|0x0000000088100000, 0x0000000088100000, 0x0000000088200000|  0%| F|  |TAMS 0x0000000088100000, 0x0000000088100000| Untracked 
| 110|0x0000000088200000, 0x0000000088200000, 0x0000000088300000|  0%| F|  |TAMS 0x0000000088200000, 0x0000000088200000| Untracked 
| 111|0x0000000088300000, 0x0000000088300000, 0x0000000088400000|  0%| F|  |TAMS 0x0000000088300000, 0x0000000088300000| Untracked 
| 112|0x0000000088400000, 0x0000000088400000, 0x0000000088500000|  0%| F|  |TAMS 0x0000000088400000, 0x0000000088400000| Untracked 
| 113|0x0000000088500000, 0x0000000088500000, 0x0000000088600000|  0%| F|  |TAMS 0x0000000088500000, 0x0000000088500000| Untracked 
| 114|0x0000000088600000, 0x0000000088600000, 0x0000000088700000|  0%| F|  |TAMS 0x0000000088600000, 0x0000000088600000| Untracked 
| 115|0x0000000088700000, 0x0000000088700000, 0x0000000088800000|  0%| F|  |TAMS 0x0000000088700000, 0x0000000088700000| Untracked 
| 116|0x0000000088800000, 0x0000000088800000, 0x0000000088900000|  0%| F|  |TAMS 0x0000000088800000, 0x0000000088800000| Untracked 
| 117|0x0000000088900000, 0x0000000088900000, 0x0000000088a00000|  0%| F|  |TAMS 0x0000000088900000, 0x0000000088900000| Untracked 
| 118|0x0000000088a00000, 0x0000000088a00000, 0x0000000088b00000|  0%| F|  |TAMS 0x0000000088a00000, 0x0000000088a00000| Untracked 
| 119|0x0000000088b00000, 0x0000000088b00000, 0x0000000088c00000|  0%| F|  |TAMS 0x0000000088b00000, 0x0000000088b00000| Untracked 
| 120|0x0000000088c00000, 0x0000000088c00000, 0x0000000088d00000|  0%| F|  |TAMS 0x0000000088c00000, 0x0000000088c00000| Untracked 
| 121|0x0000000088d00000, 0x0000000088d00000, 0x0000000088e00000|  0%| F|  |TAMS 0x0000000088d00000, 0x0000000088d00000| Untracked 
| 122|0x0000000088e00000, 0x0000000088e76458, 0x0000000088f00000| 46%| E|  |TAMS 0x0000000088e00000, 0x0000000088e00000| Complete 
| 123|0x0000000088f00000, 0x0000000089000000, 0x0000000089000000|100%| E|CS|TAMS 0x0000000088f00000, 0x0000000088f00000| Complete 
| 124|0x0000000089000000, 0x0000000089100000, 0x0000000089100000|100%| E|CS|TAMS 0x0000000089000000, 0x0000000089000000| Complete 
| 125|0x0000000089100000, 0x0000000089200000, 0x0000000089200000|100%| E|  |TAMS 0x0000000089100000, 0x0000000089100000| Complete 
| 126|0x0000000089200000, 0x0000000089300000, 0x0000000089300000|100%| E|CS|TAMS 0x0000000089200000, 0x0000000089200000| Complete 
| 127|0x0000000089300000, 0x0000000089400000, 0x0000000089400000|100%| E|CS|TAMS 0x0000000089300000, 0x0000000089300000| Complete 

Card table byte_map: [0x000001e9e6f40000,0x000001e9e7340000] _byte_map_base: 0x000001e9e6b36000

Marking Bits (Prev, Next): (CMBitMap*) 0x000001e9d1c529e8, (CMBitMap*) 0x000001e9d1c52a28
 Prev Bits: [0x000001e9e7740000, 0x000001e9e96f0000)
 Next Bits: [0x000001e9e96f0000, 0x000001e9eb6a0000)

Polling page: 0x000001e9d1cf0000

Metaspace:

Usage:
  Non-class:      5.58 MB capacity,     5.54 MB (>99%) used,    32.63 KB ( <1%) free+waste,     6.69 KB ( <1%) overhead. 
      Class:    597.00 KB capacity,   555.48 KB ( 93%) used,    38.08 KB (  6%) free+waste,     3.44 KB ( <1%) overhead. 
       Both:      6.16 MB capacity,     6.08 MB ( 99%) used,    70.71 KB (  1%) free+waste,    10.13 KB ( <1%) overhead. 

Virtual space:
  Non-class space:        8.00 MB reserved,       5.75 MB ( 72%) committed 
      Class space:        1.00 GB reserved,     640.00 KB ( <1%) committed 
             Both:        1.01 GB reserved,       6.38 MB ( <1%) committed 

Chunk freelists:
   Non-Class:  46.00 KB
       Class:  11.00 KB
        Both:  57.00 KB

MaxMetaspaceSize: 17179869184.00 GB
CompressedClassSpaceSize: 1.00 GB

CodeHeap 'non-profiled nmethods': size=120000Kb used=74Kb max_used=74Kb free=119925Kb
 bounds [0x000001e9debb0000, 0x000001e9dee20000, 0x000001e9e60e0000]
CodeHeap 'profiled nmethods': size=120000Kb used=418Kb max_used=418Kb free=119581Kb
 bounds [0x000001e9d7680000, 0x000001e9d78f0000, 0x000001e9debb0000]
CodeHeap 'non-nmethods': size=5760Kb used=1105Kb max_used=1119Kb free=4655Kb
 bounds [0x000001e9d70e0000, 0x000001e9d7350000, 0x000001e9d7680000]
 total_blobs=636 nmethods=294 adapters=255
 compilation: enabled
              stopped_count=0, restarted_count=0
 full_count=0

Compilation events (20 events):
Event: 0.256 Thread 0x000001e9ee9fc000 nmethod 245 0x000001e9d76d3690 code [0x000001e9d76d3860, 0x000001e9d76d3ad8]
Event: 0.256 Thread 0x000001e9ee9fc000  246       3       java.util.zip.ZipUtils::CENLEN (9 bytes)
Event: 0.257 Thread 0x000001e9ee9fc000 nmethod 246 0x000001e9d76d3c10 code [0x000001e9d76d3dc0, 0x000001e9d76d4098]
Event: 0.257 Thread 0x000001e9ee9fc000  247       3       java.util.zip.ZipUtils::CENSIZ (9 bytes)
Event: 0.257 Thread 0x000001e9ee9fc000 nmethod 247 0x000001e9d76d4210 code [0x000001e9d76d43c0, 0x000001e9d76d4698]
Event: 0.257 Thread 0x000001e9ee9fc000  198       1       java.lang.invoke.MethodTypeForm::basicType (5 bytes)
Event: 0.257 Thread 0x000001e9ee9fc000 nmethod 198 0x000001e9debc0110 code [0x000001e9debc02a0, 0x000001e9debc0358]
Event: 0.258 Thread 0x000001e9ee9f9000 nmethod 248 0x000001e9debc0410 code [0x000001e9debc05c0, 0x000001e9debc0798]
Event: 0.258 Thread 0x000001e9ee9f9000  252   !   4       java.util.zip.ZipFile$Source::checkUTF8 (43 bytes)
Event: 0.261 Thread 0x000001e9ee9fc000  254       3       java.io.DataInputStream::readUnsignedShort (39 bytes)
Event: 0.261 Thread 0x000001e9ee9fc000 nmethod 254 0x000001e9d76d4810 code [0x000001e9d76d49e0, 0x000001e9d76d4d28]
Event: 0.261 Thread 0x000001e9ee9fc000  255       3       java.util.HashMap$HashIterator::hasNext (13 bytes)
Event: 0.261 Thread 0x000001e9ee9fc000 nmethod 255 0x000001e9d76d4e90 code [0x000001e9d76d5020, 0x000001e9d76d5178]
Event: 0.261 Thread 0x000001e9ee9fc000  256       3       java.lang.CharacterDataLatin1::isJavaIdentifierPart (20 bytes)
Event: 0.261 Thread 0x000001e9ee9fc000 nmethod 256 0x000001e9d76d5210 code [0x000001e9d76d53c0, 0x000001e9d76d55b8]
Event: 0.261 Thread 0x000001e9ee9fc000  257       3       java.util.zip.ZipFile$Source::getEntryPos (9 bytes)
Event: 0.262 Thread 0x000001e9ee9fc000 nmethod 257 0x000001e9d76d5710 code [0x000001e9d76d58a0, 0x000001e9d76d59d8]
Event: 0.262 Thread 0x000001e9ee9fc000  258       3       java.util.zip.ZipFile::getZipEntry (301 bytes)
Event: 0.262 Thread 0x000001e9ee9f9000 nmethod 252 0x000001e9debc0890 code [0x000001e9debc0a20, 0x000001e9debc0c58]
Event: 0.262 Thread 0x000001e9ee9f9000  251       4       java.util.zip.ZipFile$Source::hashN (26 bytes)

GC Heap History (0 events):
No events

Deoptimization events (4 events):
Event: 0.261 Thread 0x000001e9d1c10000 Uncommon trap: trap_request=0xffffff45 fr.pc=0x000001e9debbfb3c relative=0x000000000000009c
Event: 0.261 Thread 0x000001e9d1c10000 Uncommon trap: reason=unstable_if action=reinterpret pc=0x000001e9debbfb3c method=java.lang.CharacterDataLatin1.isJavaIdentifierPart(I)Z @ 11 c2
Event: 0.261 Thread 0x000001e9d1c10000 DEOPT PACKING pc=0x000001e9debbfb3c sp=0x000000c584bfdc60
Event: 0.261 Thread 0x000001e9d1c10000 DEOPT UNPACKING pc=0x000001e9d712912f sp=0x000000c584bfdbd8 mode 2

Classes unloaded (0 events):
No events

Classes redefined (0 events):
No events

Internal exceptions (4 events):
Event: 0.172 Thread 0x000001e9d1c10000 Exception <a 'java/lang/NoSuchMethodError'{0x00000000893b6978}: 'void java.lang.invoke.DirectMethodHandle$Holder.invokeSpecial(java.lang.Object, java.lang.Object, java.lang.Object, java.lang.Object)'> (0x00000000893b6978) 
thrown [./open/src/hotspot/share/interpreter/linkResolver.cpp, line 766]
Event: 0.189 Thread 0x000001e9d1c10000 Exception <a 'sun/nio/fs/WindowsException'{0x00000000893d0b30}> (0x00000000893d0b30) 
thrown [./open/src/hotspot/share/prims/jni.cpp, line 599]
Event: 0.190 Thread 0x000001e9d1c10000 Exception <a 'sun/nio/fs/WindowsException'{0x00000000893d10b0}> (0x00000000893d10b0) 
thrown [./open/src/hotspot/share/prims/jni.cpp, line 599]
Event: 0.212 Thread 0x000001e9d1c10000 Exception <a 'java/lang/NoSuchMethodError'{0x00000000893eaef0}: 'int java.lang.invoke.DirectMethodHandle$Holder.invokeSpecialIFC(java.lang.Object, java.lang.Object, int)'> (0x00000000893eaef0) 
thrown [./open/src/hotspot/share/interpreter/linkResolver.cpp, line 766]

Events (20 events):
Event: 0.232 loading class java/io/RandomAccessFile$1 done
Event: 0.238 loading class jdk/internal/module/ModuleInfo
Event: 0.238 loading class jdk/internal/module/ModuleInfo done
Event: 0.238 loading class java/io/DataInputStream
Event: 0.239 loading class java/io/DataInputStream done
Event: 0.239 loading class jdk/internal/module/ModuleInfo$ConstantPool
Event: 0.239 loading class jdk/internal/module/ModuleInfo$ConstantPool done
Event: 0.239 loading class jdk/internal/module/ModuleInfo$ConstantPool$Entry
Event: 0.239 loading class jdk/internal/module/ModuleInfo$ConstantPool$Entry done
Event: 0.239 loading class jdk/internal/module/ModuleInfo$ConstantPool$IndexEntry
Event: 0.239 loading class jdk/internal/module/ModuleInfo$ConstantPool$IndexEntry done
Event: 0.239 loading class jdk/internal/module/ModuleInfo$ConstantPool$ValueEntry
Event: 0.239 loading class jdk/internal/module/ModuleInfo$ConstantPool$ValueEntry done
Event: 0.253 Thread 0x000001e9eec02800 Thread added: 0x000001e9eec02800
Event: 0.255 loading class java/util/Collections$UnmodifiableCollection$1
Event: 0.255 loading class java/util/Collections$UnmodifiableCollection$1 done
Event: 0.256 loading class java/util/WeakHashMap$KeyIterator
Event: 0.256 loading class java/util/WeakHashMap$HashIterator
Event: 0.256 loading class java/util/WeakHashMap$HashIterator done
Event: 0.256 loading class java/util/WeakHashMap$KeyIterator done


Dynamic libraries:
0x00007ff6054c0000 - 0x00007ff6054cd000 	C:\Users\nick1\.p2\pool\plugins\org.eclipse.justj.openjdk.hotspot.jre.full.win32.x86_64_14.0.2.v20200815-0932\jre\bin\javaw.exe
0x00007ffa3f090000 - 0x00007ffa3f286000 	C:\WINDOWS\SYSTEM32\ntdll.dll
0x00007ffa3e990000 - 0x00007ffa3ea4d000 	C:\WINDOWS\System32\KERNEL32.DLL
0x00007ffa3cdc0000 - 0x00007ffa3d088000 	C:\WINDOWS\System32\KERNELBASE.dll
0x00007ffa3cb80000 - 0x00007ffa3cc80000 	C:\WINDOWS\System32\ucrtbase.dll
0x00007ffa2a590000 - 0x00007ffa2a5a8000 	C:\Users\nick1\.p2\pool\plugins\org.eclipse.justj.openjdk.hotspot.jre.full.win32.x86_64_14.0.2.v20200815-0932\jre\bin\jli.dll
0x00007ffa3d590000 - 0x00007ffa3d730000 	C:\WINDOWS\System32\USER32.dll
0x00007ffa3c7d0000 - 0x00007ffa3c7f2000 	C:\WINDOWS\System32\win32u.dll
0x00007ffa3f020000 - 0x00007ffa3f04a000 	C:\WINDOWS\System32\GDI32.dll
0x00007ffa3cc80000 - 0x00007ffa3cd89000 	C:\WINDOWS\System32\gdi32full.dll
0x00007ffa2a550000 - 0x00007ffa2a565000 	C:\Users\nick1\.p2\pool\plugins\org.eclipse.justj.openjdk.hotspot.jre.full.win32.x86_64_14.0.2.v20200815-0932\jre\bin\VCRUNTIME140.dll
0x00007ffa3c850000 - 0x00007ffa3c8ed000 	C:\WINDOWS\System32\msvcp_win.dll
0x00007ffa1f8b0000 - 0x00007ffa1fb4b000 	C:\WINDOWS\WinSxS\amd64_microsoft.windows.common-controls_6595b64144ccf1df_6.0.19041.488_none_ca04af081b815d21\COMCTL32.dll
0x00007ffa3d730000 - 0x00007ffa3d7ce000 	C:\WINDOWS\System32\msvcrt.dll
0x00007ffa3eff0000 - 0x00007ffa3f020000 	C:\WINDOWS\System32\IMM32.DLL
0x00007ffa1b240000 - 0x00007ffa1b2db000 	C:\Users\nick1\.p2\pool\plugins\org.eclipse.justj.openjdk.hotspot.jre.full.win32.x86_64_14.0.2.v20200815-0932\jre\bin\msvcp140.dll
0x00007ffa021e0000 - 0x00007ffa02cfe000 	C:\Users\nick1\.p2\pool\plugins\org.eclipse.justj.openjdk.hotspot.jre.full.win32.x86_64_14.0.2.v20200815-0932\jre\bin\server\jvm.dll
0x00007ffa3dbe0000 - 0x00007ffa3dc8c000 	C:\WINDOWS\System32\ADVAPI32.dll
0x00007ffa3dea0000 - 0x00007ffa3df3b000 	C:\WINDOWS\System32\sechost.dll
0x00007ffa3d850000 - 0x00007ffa3d974000 	C:\WINDOWS\System32\RPCRT4.dll
0x00007ffa3d450000 - 0x00007ffa3d458000 	C:\WINDOWS\System32\PSAPI.DLL
0x00007ffa2eb30000 - 0x00007ffa2eb57000 	C:\WINDOWS\SYSTEM32\WINMM.dll
0x00007ffa34880000 - 0x00007ffa3488a000 	C:\WINDOWS\SYSTEM32\VERSION.dll
0x00007ffa209c0000 - 0x00007ffa209c9000 	C:\WINDOWS\SYSTEM32\WSOCK32.dll
0x00007ffa3e920000 - 0x00007ffa3e98b000 	C:\WINDOWS\System32\WS2_32.dll
0x00007ffa3b100000 - 0x00007ffa3b112000 	C:\WINDOWS\SYSTEM32\kernel.appcore.dll
0x00007ffa374f0000 - 0x00007ffa374fa000 	C:\Users\nick1\.p2\pool\plugins\org.eclipse.justj.openjdk.hotspot.jre.full.win32.x86_64_14.0.2.v20200815-0932\jre\bin\jimage.dll
0x00007ffa3a610000 - 0x00007ffa3a7f4000 	C:\WINDOWS\SYSTEM32\DBGHELP.DLL
0x00007ffa28900000 - 0x00007ffa2892c000 	C:\WINDOWS\SYSTEM32\dbgcore.DLL
0x00007ffa3cb00000 - 0x00007ffa3cb7f000 	C:\WINDOWS\System32\bcryptPrimitives.dll
0x00007ffa2a940000 - 0x00007ffa2a965000 	C:\Users\nick1\.p2\pool\plugins\org.eclipse.justj.openjdk.hotspot.jre.full.win32.x86_64_14.0.2.v20200815-0932\jre\bin\java.dll
0x00007ffa35ce0000 - 0x00007ffa35cf6000 	C:\Users\nick1\.p2\pool\plugins\org.eclipse.justj.openjdk.hotspot.jre.full.win32.x86_64_14.0.2.v20200815-0932\jre\bin\zip.dll
0x00007ffa3e1d0000 - 0x00007ffa3e911000 	C:\WINDOWS\System32\SHELL32.dll
0x00007ffa3a800000 - 0x00007ffa3af95000 	C:\WINDOWS\SYSTEM32\windows.storage.dll
0x00007ffa3d0f0000 - 0x00007ffa3d445000 	C:\WINDOWS\System32\combase.dll
0x00007ffa3c240000 - 0x00007ffa3c26c000 	C:\WINDOWS\SYSTEM32\Wldp.dll
0x00007ffa3db30000 - 0x00007ffa3dbde000 	C:\WINDOWS\System32\SHCORE.dll
0x00007ffa3df50000 - 0x00007ffa3dfa5000 	C:\WINDOWS\System32\shlwapi.dll
0x00007ffa3c700000 - 0x00007ffa3c726000 	C:\WINDOWS\SYSTEM32\profapi.dll
0x00007ffa2a920000 - 0x00007ffa2a939000 	C:\Users\nick1\.p2\pool\plugins\org.eclipse.justj.openjdk.hotspot.jre.full.win32.x86_64_14.0.2.v20200815-0932\jre\bin\net.dll
0x00007ffa32a60000 - 0x00007ffa32b60000 	C:\WINDOWS\SYSTEM32\WINHTTP.dll
0x00007ffa3bfc0000 - 0x00007ffa3c02a000 	C:\WINDOWS\system32\mswsock.dll
0x00007ffa2a800000 - 0x00007ffa2a812000 	C:\Users\nick1\.p2\pool\plugins\org.eclipse.justj.openjdk.hotspot.jre.full.win32.x86_64_14.0.2.v20200815-0932\jre\bin\nio.dll

dbghelp: loaded successfully - version: 4.0.5 - missing functions: none
symbol engine: initialized successfully - sym options: 0x614 - pdb path: .;C:\Users\nick1\.p2\pool\plugins\org.eclipse.justj.openjdk.hotspot.jre.full.win32.x86_64_14.0.2.v20200815-0932\jre\bin;C:\WINDOWS\SYSTEM32;C:\WINDOWS\WinSxS\amd64_microsoft.windows.common-controls_6595b64144ccf1df_6.0.19041.488_none_ca04af081b815d21;C:\Users\nick1\.p2\pool\plugins\org.eclipse.justj.openjdk.hotspot.jre.full.win32.x86_64_14.0.2.v20200815-0932\jre\bin\server

VM Arguments:
jvm_args: --module-path=C:\Users\nick1\Desktop\openjfx-15.0.1_windows-x64_bin-sdk\javafx-sdk-15.0.1\lib --add-modules=javafx.controls,javafx.fxml -Dfile.encoding=Cp1252 -XX:+ShowCodeDetailsInExceptionMessages -Djava.net.preferIPv4Stack=true 
java_command: testUI
java_class_path (initial): C:\Users\nick1\Desktop\UCD MASTERS\Java Programming\ConnectFourFinalAssignment\bin;C:\Users\nick1\Desktop\openjfx-15.0.1_windows-x64_bin-sdk\javafx-sdk-15.0.1\lib\javafx.base.jar;C:\Users\nick1\Desktop\openjfx-15.0.1_windows-x64_bin-sdk\javafx-sdk-15.0.1\lib\javafx.controls.jar;C:\Users\nick1\Desktop\openjfx-15.0.1_windows-x64_bin-sdk\javafx-sdk-15.0.1\lib\javafx.fxml.jar;C:\Users\nick1\Desktop\openjfx-15.0.1_windows-x64_bin-sdk\javafx-sdk-15.0.1\lib\javafx.graphics.jar;C:\Users\nick1\Desktop\openjfx-15.0.1_windows-x64_bin-sdk\javafx-sdk-15.0.1\lib\javafx.media.jar;C:\Users\nick1\Desktop\openjfx-15.0.1_windows-x64_bin-sdk\javafx-sdk-15.0.1\lib\javafx.swing.jar;C:\Users\nick1\Desktop\openjfx-15.0.1_windows-x64_bin-sdk\javafx-sdk-15.0.1\lib\javafx.web.jar;C:\Users\nick1\Desktop\openjfx-15.0.1_windows-x64_bin-sdk\javafx-sdk-15.0.1\lib\javafx-swt.jar
Launcher Type: SUN_STANDARD

[Global flags]
     intx CICompilerCount                          = 4                                         {product} {ergonomic}
     uint ConcGCThreads                            = 2                                         {product} {ergonomic}
     uint G1ConcRefinementThreads                  = 8                                         {product} {ergonomic}
   size_t G1HeapRegionSize                         = 1048576                                   {product} {ergonomic}
    uintx GCDrainStackTargetSize                   = 64                                        {product} {ergonomic}
   size_t InitialHeapSize                          = 134217728                                 {product} {ergonomic}
   size_t MarkStackSize                            = 4194304                                   {product} {ergonomic}
   size_t MaxHeapSize                              = 2126512128                                {product} {ergonomic}
   size_t MaxNewSize                               = 1275068416                                {product} {ergonomic}
   size_t MinHeapDeltaBytes                        = 1048576                                   {product} {ergonomic}
   size_t MinHeapSize                              = 8388608                                   {product} {ergonomic}
    uintx NonNMethodCodeHeapSize                   = 5839372                                {pd product} {ergonomic}
    uintx NonProfiledCodeHeapSize                  = 122909434                              {pd product} {ergonomic}
    uintx ProfiledCodeHeapSize                     = 122909434                              {pd product} {ergonomic}
    uintx ReservedCodeCacheSize                    = 251658240                              {pd product} {ergonomic}
     bool SegmentedCodeCache                       = true                                      {product} {ergonomic}
     bool ShowCodeDetailsInExceptionMessages       = true                                   {manageable} {command line}
   size_t SoftMaxHeapSize                          = 2126512128                             {manageable} {ergonomic}
     bool UseCompressedClassPointers               = true                                 {lp64_product} {ergonomic}
     bool UseCompressedOops                        = true                                 {lp64_product} {ergonomic}
     bool UseG1GC                                  = true                                      {product} {ergonomic}
     bool UseLargePagesIndividualAllocation        = false                                  {pd product} {ergonomic}

Logging:
Log output configuration:
 #0: stdout all=warning uptime,level,tags
 #1: stderr all=off uptime,level,tags

Environment Variables:
_JAVA_OPTIONS=-Djava.net.preferIPv4Stack=true
PATH=C:/Users/nick1/.p2/pool/plugins/org.eclipse.justj.openjdk.hotspot.jre.full.win32.x86_64_14.0.2.v20200815-0932/jre/bin/server;C:/Users/nick1/.p2/pool/plugins/org.eclipse.justj.openjdk.hotspot.jre.full.win32.x86_64_14.0.2.v20200815-0932/jre/bin;C:\Program Files (x86)\Common Files\Intel\Shared Libraries\redist\intel64\compiler;C:\Program Files (x86)\Intel\Intel(R) Management Engine Components\iCLS\;C:\Program Files\Intel\Intel(R) Management Engine Components\iCLS\;C:\ProgramData\Oracle\Java\javapath;C:\windows\system32;C:\windows;C:\windows\System32\Wbem;C:\windows\System32\WindowsPowerShell\v1.0\;C:\Program Files (x86)\NVIDIA Corporation\PhysX\Common;C:\Program Files (x86)\Intel\Intel(R) Management Engine Components\DAL;C:\Program Files\Intel\Intel(R) Management Engine Components\DAL;C:\Program Files (x86)\Intel\Intel(R) Management Engine Components\IPT;C:\Program Files\Intel\Intel(R) Management Engine Components\IPT;C:\WINDOWS\system32;C:\WINDOWS;C:\WINDOWS\System32\Wbem;C:\WINDOWS\System32\WindowsPowerShell\v1.0\;C:\Program Files (x86)\Common Files\Sage SData\;C:\WINDOWS\System32\OpenSSH\;C:\Program Files\dotnet\;%PYTHON3_SCRIPTS%;C:\Program Files\Git\cmd;C:\Python27\python.exe;C:\Program Files\Intel\WiFi\bin\;C:\Program Files\Common Files\Intel\WirelessCommon\;C:\Ruby27-x64\bin;C:\Users\nick1\AppData\Local\Microsoft\WindowsApps;C:\Users\nick1\AppData\Local\Programs\Microsoft VS Code\bin;;C:\Program Files (x86)\clisp-2.49;C:\Program Files\JetBrains\RubyMine 2020.2.2\bin;;C:\Users\nick1\Desktop;
USERNAME=nick1
OS=Windows_NT
PROCESSOR_IDENTIFIER=Intel64 Family 6 Model 142 Stepping 10, GenuineIntel



---------------  S Y S T E M  ---------------

OS: Windows 10 , 64 bit Build 19041 (10.0.19041.546)
OS uptime: 0 days 3:02 hours

CPU:total 8 (initial active 8) (4 cores per cpu, 2 threads per core) family 6 model 142 stepping 10, cmov, cx8, fxsr, mmx, sse, sse2, sse3, ssse3, sse4.1, sse4.2, popcnt, avx, avx2, aes, clmul, erms, 3dnowpref, lzcnt, ht, tsc, tscinvbit, bmi1, bmi2, adx, fma

Memory: 4k page, system-wide physical 8108M (1016M free)
TotalPageFile size 18684M (AvailPageFile size 5M)
current process WorkingSet (physical memory assigned to process): 40M, peak: 40M
current process commit charge ("private bytes"): 207M, peak: 207M

vm_info: OpenJDK 64-Bit Server VM (14.0.2+12-46) for windows-amd64 JRE (14.0.2+12-46), built on Jul  9 2020 00:31:16 by "mach5one" with MS VC++ 15.9 (VS2017)

END.
