#
# There is insufficient memory for the Java Runtime Environment to continue.
# Native memory allocation (mmap) failed to map 134217728 bytes for Failed to commit area from 0x0000000081400000 to 0x0000000089400000 of length 134217728.
# Possible reasons:
#   The system is out of physical RAM or swap space
#   The process is running with CompressedOops enabled, and the Java Heap may be blocking the growth of the native heap
# Possible solutions:
#   Reduce memory load on the system
#   Increase physical memory or swap space
#   Check if swap backing store is full
#   Decrease Java heap size (-Xmx/-Xms)
#   Decrease number of Java threads
#   Decrease Java thread stack sizes (-Xss)
#   Set larger code cache with -XX:ReservedCodeCacheSize=
#   JVM is running with Unscaled Compressed Oops mode in which the Java heap is
#     placed in the first 4GB address space. The Java Heap base address is the
#     maximum limit for the native heap growth. Please use -XX:HeapBaseMinAddress
#     to set the Java Heap base and to place the Java Heap above 4GB virtual address.
# This output file may be truncated or incomplete.
#
#  Out of Memory Error (./open/src/hotspot/os/windows/os_windows.cpp:3315), pid=6400, tid=17572
#
# JRE version:  (14.0.2+12) (build )
# Java VM: OpenJDK 64-Bit Server VM (14.0.2+12-46, mixed mode, sharing, tiered, compressed oops, g1 gc, windows-amd64)
# No core dump will be written. Minidumps are not enabled by default on client versions of Windows
#

---------------  S U M M A R Y ------------

Command Line: -Dfile.encoding=UTF-8 -XX:+ShowCodeDetailsInExceptionMessages -Djava.net.preferIPv4Stack=true ConnectFour

Host: Intel(R) Core(TM) i7-8550U CPU @ 1.80GHz, 8 cores, 7G,  Windows 10 , 64 bit Build 19041 (10.0.19041.546)
Time: Wed Nov 25 13:17:50 2020 GMT Standard Time elapsed time: 0 seconds (0d 0h 0m 0s)

---------------  T H R E A D  ---------------

Current thread (0x0000023c7f5fc800):  JavaThread "Unknown thread" [_thread_in_vm, id=17572, stack(0x000000d081f00000,0x000000d082000000)]

Stack: [0x000000d081f00000,0x000000d082000000]
Native frames: (J=compiled Java code, j=interpreted, Vv=VM code, C=native code)
V  [jvm.dll+0x5f8a9a]
V  [jvm.dll+0x74247a]
V  [jvm.dll+0x743c2f]
V  [jvm.dll+0x744273]
V  [jvm.dll+0x20d288]
V  [jvm.dll+0x5f5dea]
V  [jvm.dll+0x5eac45]
V  [jvm.dll+0x2c7e9c]
V  [jvm.dll+0x2c7cd2]
V  [jvm.dll+0x2cdbbc]
V  [jvm.dll+0x313fe8]
V  [jvm.dll+0x313710]
V  [jvm.dll+0x2a092a]
V  [jvm.dll+0x2a1a79]
V  [jvm.dll+0x71fd48]
V  [jvm.dll+0x321c14]
V  [jvm.dll+0x70112c]
V  [jvm.dll+0x392def]
V  [jvm.dll+0x394e61]
C  [jli.dll+0x524b]
C  [ucrtbase.dll+0x214c2]
C  [KERNEL32.DLL+0x17034]
C  [ntdll.dll+0x4cec1]


---------------  P R O C E S S  ---------------

Threads class SMR info:
_java_thread_list=0x00007ff9d0733038, length=0, elements={
}

Java Threads: ( => current thread )

Other Threads:
  0x0000023c7f640800 GCTaskThread "GC Thread#0" [stack: 0x000000d082000000,0x000000d082100000] [id=19948]
  0x0000023c7f652800 ConcurrentGCThread "G1 Main Marker" [stack: 0x000000d082100000,0x000000d082200000] [id=10464]
  0x0000023c7f654800 ConcurrentGCThread "G1 Conc#0" [stack: 0x000000d082200000,0x000000d082300000] [id=22852]

[error occurred during error reporting (printing all threads), id 0xc0000005, EXCEPTION_ACCESS_VIOLATION (0xc0000005) at pc=0x00007ff9cff61257]

VM state:not at safepoint (not fully initialized)

VM Mutex/Monitor currently owned by a thread:  ([mutex/lock_event])
[0x0000023c7f5f7a40] Heap_lock - owner thread: 0x0000023c7f5fc800

Heap address: 0x0000000081400000, size: 2028 MB, Compressed Oops mode: 32-bit
Narrow klass base: 0x0000000000000000, Narrow klass shift: 0

GC Heap History (0 events):
No events

Deoptimization events (0 events):
No events

Classes unloaded (0 events):
No events

Classes redefined (0 events):
No events

Internal exceptions (0 events):
No events

Events (2 events):
Event: 0.008 Loaded shared library C:\Users\nick1\.p2\pool\plugins\org.eclipse.justj.openjdk.hotspot.jre.full.win32.x86_64_14.0.2.v20200815-0932\jre\bin\java.dll
Event: 0.008 Loaded shared library C:\Users\nick1\.p2\pool\plugins\org.eclipse.justj.openjdk.hotspot.jre.full.win32.x86_64_14.0.2.v20200815-0932\jre\bin\zip.dll


Dynamic libraries:
0x00007ff743e60000 - 0x00007ff743e6d000 	C:\Users\nick1\.p2\pool\plugins\org.eclipse.justj.openjdk.hotspot.jre.full.win32.x86_64_14.0.2.v20200815-0932\jre\bin\javaw.exe
0x00007ffa3f090000 - 0x00007ffa3f286000 	C:\WINDOWS\SYSTEM32\ntdll.dll
0x00007ffa3e990000 - 0x00007ffa3ea4d000 	C:\WINDOWS\System32\KERNEL32.DLL
0x00007ffa3cdc0000 - 0x00007ffa3d088000 	C:\WINDOWS\System32\KERNELBASE.dll
0x00007ffa3cb80000 - 0x00007ffa3cc80000 	C:\WINDOWS\System32\ucrtbase.dll
0x00007ffa21f80000 - 0x00007ffa21f95000 	C:\Users\nick1\.p2\pool\plugins\org.eclipse.justj.openjdk.hotspot.jre.full.win32.x86_64_14.0.2.v20200815-0932\jre\bin\VCRUNTIME140.dll
0x00007ffa2a550000 - 0x00007ffa2a568000 	C:\Users\nick1\.p2\pool\plugins\org.eclipse.justj.openjdk.hotspot.jre.full.win32.x86_64_14.0.2.v20200815-0932\jre\bin\jli.dll
0x00007ffa3d590000 - 0x00007ffa3d730000 	C:\WINDOWS\System32\USER32.dll
0x00007ffa3c7d0000 - 0x00007ffa3c7f2000 	C:\WINDOWS\System32\win32u.dll
0x00007ffa1f8b0000 - 0x00007ffa1fb4b000 	C:\WINDOWS\WinSxS\amd64_microsoft.windows.common-controls_6595b64144ccf1df_6.0.19041.488_none_ca04af081b815d21\COMCTL32.dll
0x00007ffa3f020000 - 0x00007ffa3f04a000 	C:\WINDOWS\System32\GDI32.dll
0x00007ffa3d730000 - 0x00007ffa3d7ce000 	C:\WINDOWS\System32\msvcrt.dll
0x00007ffa3cc80000 - 0x00007ffa3cd89000 	C:\WINDOWS\System32\gdi32full.dll
0x00007ffa3c850000 - 0x00007ffa3c8ed000 	C:\WINDOWS\System32\msvcp_win.dll
0x00007ffa3eff0000 - 0x00007ffa3f020000 	C:\WINDOWS\System32\IMM32.DLL
0x00007ffa19b10000 - 0x00007ffa19bab000 	C:\Users\nick1\.p2\pool\plugins\org.eclipse.justj.openjdk.hotspot.jre.full.win32.x86_64_14.0.2.v20200815-0932\jre\bin\msvcp140.dll
0x00007ff9cfcb0000 - 0x00007ff9d07ce000 	C:\Users\nick1\.p2\pool\plugins\org.eclipse.justj.openjdk.hotspot.jre.full.win32.x86_64_14.0.2.v20200815-0932\jre\bin\server\jvm.dll
0x00007ffa3dbe0000 - 0x00007ffa3dc8c000 	C:\WINDOWS\System32\ADVAPI32.dll
0x00007ffa3dea0000 - 0x00007ffa3df3b000 	C:\WINDOWS\System32\sechost.dll
0x00007ffa3d850000 - 0x00007ffa3d974000 	C:\WINDOWS\System32\RPCRT4.dll
0x00007ffa3d450000 - 0x00007ffa3d458000 	C:\WINDOWS\System32\PSAPI.DLL
0x00007ffa209c0000 - 0x00007ffa209c9000 	C:\WINDOWS\SYSTEM32\WSOCK32.dll
0x00007ffa34880000 - 0x00007ffa3488a000 	C:\WINDOWS\SYSTEM32\VERSION.dll
0x00007ffa2eb30000 - 0x00007ffa2eb57000 	C:\WINDOWS\SYSTEM32\WINMM.dll
0x00007ffa3e920000 - 0x00007ffa3e98b000 	C:\WINDOWS\System32\WS2_32.dll
0x00007ffa3b100000 - 0x00007ffa3b112000 	C:\WINDOWS\SYSTEM32\kernel.appcore.dll
0x00007ffa383f0000 - 0x00007ffa383fa000 	C:\Users\nick1\.p2\pool\plugins\org.eclipse.justj.openjdk.hotspot.jre.full.win32.x86_64_14.0.2.v20200815-0932\jre\bin\jimage.dll
0x00007ffa3a610000 - 0x00007ffa3a7f4000 	C:\WINDOWS\SYSTEM32\DBGHELP.DLL
0x00007ffa28900000 - 0x00007ffa2892c000 	C:\WINDOWS\SYSTEM32\dbgcore.DLL
0x00007ffa3cb00000 - 0x00007ffa3cb7f000 	C:\WINDOWS\System32\bcryptPrimitives.dll
0x00007ffa36660000 - 0x00007ffa36685000 	C:\Users\nick1\.p2\pool\plugins\org.eclipse.justj.openjdk.hotspot.jre.full.win32.x86_64_14.0.2.v20200815-0932\jre\bin\java.dll
0x00007ffa36640000 - 0x00007ffa36656000 	C:\Users\nick1\.p2\pool\plugins\org.eclipse.justj.openjdk.hotspot.jre.full.win32.x86_64_14.0.2.v20200815-0932\jre\bin\zip.dll

dbghelp: loaded successfully - version: 4.0.5 - missing functions: none
symbol engine: initialized successfully - sym options: 0x614 - pdb path: .;C:\Users\nick1\.p2\pool\plugins\org.eclipse.justj.openjdk.hotspot.jre.full.win32.x86_64_14.0.2.v20200815-0932\jre\bin;C:\WINDOWS\SYSTEM32;C:\WINDOWS\WinSxS\amd64_microsoft.windows.common-controls_6595b64144ccf1df_6.0.19041.488_none_ca04af081b815d21;C:\Users\nick1\.p2\pool\plugins\org.eclipse.justj.openjdk.hotspot.jre.full.win32.x86_64_14.0.2.v20200815-0932\jre\bin\server

VM Arguments:
jvm_args: -Dfile.encoding=UTF-8 -XX:+ShowCodeDetailsInExceptionMessages -Djava.net.preferIPv4Stack=true 
java_command: ConnectFour
java_class_path (initial): C:\Users\nick1\Desktop\UCD MASTERS\Java Programming\ConnectFourFinalAssignment\bin;C:\Users\nick1\Desktop\openjfx-15.0.1_windows-x64_bin-sdk\javafx-sdk-15.0.1\lib\javafx.base.jar;C:\Users\nick1\Desktop\openjfx-15.0.1_windows-x64_bin-sdk\javafx-sdk-15.0.1\lib\javafx.controls.jar;C:\Users\nick1\Desktop\openjfx-15.0.1_windows-x64_bin-sdk\javafx-sdk-15.0.1\lib\javafx.fxml.jar;C:\Users\nick1\Desktop\openjfx-15.0.1_windows-x64_bin-sdk\javafx-sdk-15.0.1\lib\javafx.graphics.jar;C:\Users\nick1\Desktop\openjfx-15.0.1_windows-x64_bin-sdk\javafx-sdk-15.0.1\lib\javafx.media.jar;C:\Users\nick1\Desktop\openjfx-15.0.1_windows-x64_bin-sdk\javafx-sdk-15.0.1\lib\javafx.swing.jar;C:\Users\nick1\Desktop\openjfx-15.0.1_windows-x64_bin-sdk\javafx-sdk-15.0.1\lib\javafx.web.jar;C:\Users\nick1\Desktop\openjfx-15.0.1_windows-x64_bin-sdk\javafx-sdk-15.0.1\lib\javafx-swt.jar
Launcher Type: SUN_STANDARD

[Global flags]
     intx CICompilerCount                          = 4                                         {product} {ergonomic}
     uint ConcGCThreads                            = 2                                         {product} {ergonomic}
     uint G1ConcRefinementThreads                  = 8                                         {product} {ergonomic}
   size_t G1HeapRegionSize                         = 1048576                                   {product} {ergonomic}
    uintx GCDrainStackTargetSize                   = 64                                        {product} {ergonomic}
   size_t InitialHeapSize                          = 134217728                                 {product} {ergonomic}
   size_t MarkStackSize                            = 4194304                                   {product} {ergonomic}
   size_t MaxHeapSize                              = 2126512128                                {product} {ergonomic}
   size_t MinHeapDeltaBytes                        = 1048576                                   {product} {ergonomic}
   size_t MinHeapSize                              = 8388608                                   {product} {ergonomic}
    uintx NonNMethodCodeHeapSize                   = 5839372                                {pd product} {ergonomic}
    uintx NonProfiledCodeHeapSize                  = 122909434                              {pd product} {ergonomic}
    uintx ProfiledCodeHeapSize                     = 122909434                              {pd product} {ergonomic}
    uintx ReservedCodeCacheSize                    = 251658240                              {pd product} {ergonomic}
     bool SegmentedCodeCache                       = true                                      {product} {ergonomic}
     bool ShowCodeDetailsInExceptionMessages       = true                                   {manageable} {command line}
   size_t SoftMaxHeapSize                          = 2126512128                             {manageable} {ergonomic}
     bool UseCompressedClassPointers               = true                                 {lp64_product} {ergonomic}
     bool UseCompressedOops                        = true                                 {lp64_product} {ergonomic}
     bool UseG1GC                                  = true                                      {product} {ergonomic}
     bool UseLargePagesIndividualAllocation        = false                                  {pd product} {ergonomic}

Logging:
Log output configuration:
 #0: stdout all=warning uptime,level,tags
 #1: stderr all=off uptime,level,tags

Environment Variables:
_JAVA_OPTIONS=-Djava.net.preferIPv4Stack=true
PATH=C:/Users/nick1/.p2/pool/plugins/org.eclipse.justj.openjdk.hotspot.jre.full.win32.x86_64_14.0.2.v20200815-0932/jre/bin/server;C:/Users/nick1/.p2/pool/plugins/org.eclipse.justj.openjdk.hotspot.jre.full.win32.x86_64_14.0.2.v20200815-0932/jre/bin;C:\Program Files (x86)\Common Files\Intel\Shared Libraries\redist\intel64\compiler;C:\Program Files (x86)\Intel\Intel(R) Management Engine Components\iCLS\;C:\Program Files\Intel\Intel(R) Management Engine Components\iCLS\;C:\ProgramData\Oracle\Java\javapath;C:\windows\system32;C:\windows;C:\windows\System32\Wbem;C:\windows\System32\WindowsPowerShell\v1.0\;C:\Program Files (x86)\NVIDIA Corporation\PhysX\Common;C:\Program Files (x86)\Intel\Intel(R) Management Engine Components\DAL;C:\Program Files\Intel\Intel(R) Management Engine Components\DAL;C:\Program Files (x86)\Intel\Intel(R) Management Engine Components\IPT;C:\Program Files\Intel\Intel(R) Management Engine Components\IPT;C:\WINDOWS\system32;C:\WINDOWS;C:\WINDOWS\System32\Wbem;C:\WINDOWS\System32\WindowsPowerShell\v1.0\;C:\Program Files (x86)\Common Files\Sage SData\;C:\WINDOWS\System32\OpenSSH\;C:\Program Files\dotnet\;%PYTHON3_SCRIPTS%;C:\Program Files\Git\cmd;C:\Python27\python.exe;C:\Program Files\Intel\WiFi\bin\;C:\Program Files\Common Files\Intel\WirelessCommon\;C:\Ruby27-x64\bin;C:\Users\nick1\AppData\Local\Microsoft\WindowsApps;C:\Users\nick1\AppData\Local\Programs\Microsoft VS Code\bin;;C:\Program Files (x86)\clisp-2.49;C:\Program Files\JetBrains\RubyMine 2020.2.2\bin;;C:\Users\nick1\Desktop;
USERNAME=nick1
OS=Windows_NT
PROCESSOR_IDENTIFIER=Intel64 Family 6 Model 142 Stepping 10, GenuineIntel



---------------  S Y S T E M  ---------------

OS: Windows 10 , 64 bit Build 19041 (10.0.19041.546)
OS uptime: 5 days 18:42 hours

CPU:total 8 (initial active 8) (4 cores per cpu, 2 threads per core) family 6 model 142 stepping 10, cmov, cx8, fxsr, mmx, sse, sse2, sse3, ssse3, sse4.1, sse4.2, popcnt, avx, avx2, aes, clmul, erms, 3dnowpref, lzcnt, ht, tsc, tscinvbit, bmi1, bmi2, adx, fma

Memory: 4k page, system-wide physical 8108M (2017M free)
TotalPageFile size 14533M (AvailPageFile size 74M)
current process WorkingSet (physical memory assigned to process): 10M, peak: 10M
current process commit charge ("private bytes"): 60M, peak: 188M

vm_info: OpenJDK 64-Bit Server VM (14.0.2+12-46) for windows-amd64 JRE (14.0.2+12-46), built on Jul  9 2020 00:31:16 by "mach5one" with MS VC++ 15.9 (VS2017)

END.
